0 info it worked if it ends with ok
1 verbose cli [ '/Users/sgouris/.nvm/v0.10.38/bin/node',
1 verbose cli   '/Users/sgouris/.nvm/v0.10.38/bin/npm',
1 verbose cli   'i',
1 verbose cli   'jsx-laoder' ]
2 info using npm@1.4.28
3 info using node@v0.10.38
4 verbose readDependencies using package.json deps
5 verbose cache add [ 'jsx-laoder', null ]
6 verbose cache add name=undefined spec="jsx-laoder" args=["jsx-laoder",null]
7 verbose parsed url { protocol: null,
7 verbose parsed url   slashes: null,
7 verbose parsed url   auth: null,
7 verbose parsed url   host: null,
7 verbose parsed url   port: null,
7 verbose parsed url   hostname: null,
7 verbose parsed url   hash: null,
7 verbose parsed url   search: null,
7 verbose parsed url   query: null,
7 verbose parsed url   pathname: 'jsx-laoder',
7 verbose parsed url   path: 'jsx-laoder',
7 verbose parsed url   href: 'jsx-laoder' }
8 silly lockFile 4fbb8305-jsx-laoder jsx-laoder
9 verbose lock jsx-laoder /Users/sgouris/.npm/4fbb8305-jsx-laoder.lock
10 silly lockFile 4fbb8305-jsx-laoder jsx-laoder
11 silly lockFile 4fbb8305-jsx-laoder jsx-laoder
12 verbose addNamed [ 'jsx-laoder', '' ]
13 verbose addNamed [ null, '*' ]
14 silly lockFile 19f01b3e-jsx-laoder jsx-laoder@
15 verbose lock jsx-laoder@ /Users/sgouris/.npm/19f01b3e-jsx-laoder.lock
16 silly addNameRange { name: 'jsx-laoder', range: '*', hasData: false }
17 verbose request where is /jsx-laoder
18 verbose request registry https://registry.npmjs.org/
19 verbose request id 1a2ffa6efc5ee44a
20 verbose url raw /jsx-laoder
21 verbose url resolving [ 'https://registry.npmjs.org/', './jsx-laoder' ]
22 verbose url resolved https://registry.npmjs.org/jsx-laoder
23 verbose request where is https://registry.npmjs.org/jsx-laoder
24 info trying registry request attempt 1 at 13:15:42
25 http GET https://registry.npmjs.org/jsx-laoder
26 http 404 https://registry.npmjs.org/jsx-laoder
27 verbose headers { date: 'Mon, 06 Apr 2015 20:15:41 GMT',
27 verbose headers   server: 'CouchDB/1.5.0 (Erlang OTP/R16B03)',
27 verbose headers   'content-type': 'application/json',
27 verbose headers   'cache-control': 'max-age=0',
27 verbose headers   'content-length': '51',
27 verbose headers   'accept-ranges': 'bytes',
27 verbose headers   via: '1.1 varnish',
27 verbose headers   age: '0',
27 verbose headers   'x-served-by': 'cache-sjc3122-SJC',
27 verbose headers   'x-cache': 'MISS',
27 verbose headers   'x-cache-hits': '0',
27 verbose headers   'x-timer': 'S1428351341.382411,VS0,VE152',
27 verbose headers   'keep-alive': 'timeout=10, max=50',
27 verbose headers   connection: 'Keep-Alive' }
28 silly registry.get cb [ 404,
28 silly registry.get   { date: 'Mon, 06 Apr 2015 20:15:41 GMT',
28 silly registry.get     server: 'CouchDB/1.5.0 (Erlang OTP/R16B03)',
28 silly registry.get     'content-type': 'application/json',
28 silly registry.get     'cache-control': 'max-age=0',
28 silly registry.get     'content-length': '51',
28 silly registry.get     'accept-ranges': 'bytes',
28 silly registry.get     via: '1.1 varnish',
28 silly registry.get     age: '0',
28 silly registry.get     'x-served-by': 'cache-sjc3122-SJC',
28 silly registry.get     'x-cache': 'MISS',
28 silly registry.get     'x-cache-hits': '0',
28 silly registry.get     'x-timer': 'S1428351341.382411,VS0,VE152',
28 silly registry.get     'keep-alive': 'timeout=10, max=50',
28 silly registry.get     connection: 'Keep-Alive' } ]
29 silly lockFile 19f01b3e-jsx-laoder jsx-laoder@
30 silly lockFile 19f01b3e-jsx-laoder jsx-laoder@
31 error 404 404 Not Found: jsx-laoder
31 error 404
31 error 404 'jsx-laoder' is not in the npm registry.
31 error 404 You should bug the author to publish it
31 error 404 It was specified as a dependency of 'React-component'
31 error 404
31 error 404 Note that you can also install from a
31 error 404 tarball, folder, or http url, or git url.
32 error System Darwin 13.4.0
33 error command "/Users/sgouris/.nvm/v0.10.38/bin/node" "/Users/sgouris/.nvm/v0.10.38/bin/npm" "i" "jsx-laoder"
34 error cwd /Users/sgouris/React/React-component
35 error node -v v0.10.38
36 error npm -v 1.4.28
37 error code E404
38 verbose exit [ 1, true ]
